<?xml version="1.0" encoding="UTF-8"?>
<!-- Generated by org.testng.reporters.JUnitXMLReporter -->
<testsuite ignored="0" hostname="AyeshAmir" failures="2" tests="7" name="Linux-Chrome" time="64.828" errors="0" timestamp="2025-09-11T19:29:30 IST">
  <testcase classname="testCases.TCOO2_LoginTest" name="verifyLoginTest" time="2.537"/>
  <testcase classname="testCases.TC001_AccountRegistrationTest" name="verify_account_registration" time="6.765"/>
  <testcase classname="testCases.TC003_loginDDT" name="verify_loginDDT" time="11.751">
    <failure type="java.lang.AssertionError" message="expected [true] but found [false]">
      <![CDATA[java.lang.AssertionError: expected [true] but found [false]
at testCases.TC003_loginDDT.verify_loginDDT(TC003_loginDDT.java:41)
at java.base/java.util.ArrayList.forEach(ArrayList.java:1511)
... Removed 31 stack frames]]>
    </failure>
  </testcase> <!-- verify_loginDDT -->
  <testcase classname="testCases.TC003_loginDDT" name="verify_loginDDT" time="11.549"/>
  <testcase classname="testCases.TC003_loginDDT" name="verify_loginDDT" time="2.198"/>
  <testcase classname="testCases.TC003_loginDDT" name="verify_loginDDT" time="11.523"/>
  <testcase classname="testCases.TC003_loginDDT" name="verify_loginDDT" time="0.518">
    <failure type="java.lang.AssertionError" message="null">
      <![CDATA[java.lang.AssertionError: null
at testCases.TC003_loginDDT.verify_loginDDT(TC003_loginDDT.java:55)
at java.base/java.util.ArrayList.forEach(ArrayList.java:1511)
... Removed 29 stack frames]]>
    </failure>
  </testcase> <!-- verify_loginDDT -->
</testsuite> <!-- Linux-Chrome -->
