<?xml version="1.0" encoding="UTF-8"?>
<!-- Generated by org.testng.reporters.JUnitXMLReporter -->
<testsuite ignored="1" hostname="AyeshAmir" failures="1" tests="2" name="Test" time="38.258" errors="0" timestamp="2025-09-08T22:26:11 IST">
  <testcase classname="testCases.TCOO2_LoginTest" name="verifyLoginTest" time="11.33">
    <failure type="java.lang.AssertionError" message="expected [true] but found [false]">
      <![CDATA[java.lang.AssertionError: expected [true] but found [false]
at testCases.TCOO2_LoginTest.verifyLoginTest(TCOO2_LoginTest.java:30)
at java.base/java.util.ArrayList.forEach(ArrayList.java:1511)
... Removed 31 stack frames]]>
    </failure>
  </testcase> <!-- verifyLoginTest -->
  <testcase classname="testCases.TC001_AccountRegistrationTest" name="verify_account_registration" time="6.12"/>
  <testcase classname="testCases.TC003_loginDDT" name="verify_loginDDT" time="0.0">
    <ignored/>
  </testcase> <!-- verify_loginDDT -->
</testsuite> <!-- Test -->
