<?xml version="1.0" encoding="UTF-8"?>
<!-- Generated by org.testng.reporters.JUnitXMLReporter -->
<testsuite ignored="0" hostname="AyeshAmir" failures="2" tests="7" name="chrometest" time="64.933" errors="0" timestamp="2025-09-10T13:47:59 IST">
  <testcase classname="testCases.TC001_AccountRegistrationTest" name="verify_account_registration" time="6.07"/>
  <testcase classname="testCases.TCOO2_LoginTest" name="verifyLoginTest" time="1.524"/>
  <testcase classname="testCases.TC003_loginDDT" name="verify_loginDDT" time="10.988">
    <failure type="java.lang.AssertionError" message="expected [true] but found [false]">
      <![CDATA[java.lang.AssertionError: expected [true] but found [false]
at testCases.TC003_loginDDT.verify_loginDDT(TC003_loginDDT.java:41)
at java.base/java.util.ArrayList.forEach(ArrayList.java:1511)
at java.base/java.util.concurrent.FutureTask.run(FutureTask.java:264)
at java.base/java.util.concurrent.ThreadPoolExecutor.runWorker(ThreadPoolExecutor.java:1136)
at java.base/java.util.concurrent.ThreadPoolExecutor$Worker.run(ThreadPoolExecutor.java:635)
at java.base/java.lang.Thread.run(Thread.java:840)
... Removed 21 stack frames]]>
    </failure>
  </testcase> <!-- verify_loginDDT -->
  <testcase classname="testCases.TC003_loginDDT" name="verify_loginDDT" time="11.192"/>
  <testcase classname="testCases.TC003_loginDDT" name="verify_loginDDT" time="1.619"/>
  <testcase classname="testCases.TC003_loginDDT" name="verify_loginDDT" time="10.639"/>
  <testcase classname="testCases.TC003_loginDDT" name="verify_loginDDT" time="0.376">
    <failure type="java.lang.AssertionError" message="null">
      <![CDATA[java.lang.AssertionError: null
at testCases.TC003_loginDDT.verify_loginDDT(TC003_loginDDT.java:55)
at java.base/java.util.ArrayList.forEach(ArrayList.java:1511)
at java.base/java.util.concurrent.FutureTask.run(FutureTask.java:264)
at java.base/java.util.concurrent.ThreadPoolExecutor.runWorker(ThreadPoolExecutor.java:1136)
at java.base/java.util.concurrent.ThreadPoolExecutor$Worker.run(ThreadPoolExecutor.java:635)
at java.base/java.lang.Thread.run(Thread.java:840)
... Removed 19 stack frames]]>
    </failure>
  </testcase> <!-- verify_loginDDT -->
</testsuite> <!-- chrometest -->
